# JRE version: Java(TM) SE Runtime Environment (8.0_66-b17) (build 1.8.0_66-b17)
# Java VM: Java HotSpot(TM) 64-Bit Server VM (25.66-b17 mixed mode bsd-amd64 )
Heap:
 PSYoungGen      total 387072K, used 19290K [0x00000007a4f00000, 0x00000007c0d80000, 0x0000000ae6400000)
  eden space 361472K, 5% used [0x00000007a4f00000,0x00000007a61d6b08,0x00000007bb000000)
  from space 25600K, 0% used [0x00000007bd200000,0x00000007bd200000,0x00000007beb00000)
  to   space 35328K, 0% used [0x00000007beb00000,0x00000007beb00000,0x00000007c0d80000)
 ParOldGen       total 268800K, used 42482K [0x0000000122400000, 0x0000000132a80000, 0x00000007a4f00000)
  object space 268800K, 15% used [0x0000000122400000,0x0000000124d7caf0,0x0000000132a80000)
 Metaspace       used 55452K, capacity 57462K, committed 59028K, reserved 59392K
GC Heap History (10 events):
Event: 40.401 GC heap before
{Heap before GC invocations=10 (full 2):
 PSYoungGen      total 294912K, used 262144K [0x00000007a4f00000, 0x00000007c3d80000, 0x0000000ae6400000)
  eden space 262144K, 100% used [0x00000007a4f00000,0x00000007b4f00000,0x00000007b4f00000)
  from space 32768K, 0% used [0x00000007b4f00000,0x00000007b4f00000,0x00000007b6f00000)
  to   space 31744K, 0% used [0x00000007c1e80000,0x00000007c1e80000,0x00000007c3d80000)
 ParOldGen       total 183296K, used 24359K [0x0000000122400000, 0x000000012d700000, 0x00000007a4f00000)
  object space 183296K, 13% used [0x0000000122400000,0x0000000123bc9e38,0x000000012d700000)
 Metaspace       used 53418K, capacity 56332K, committed 56576K, reserved 57344K
Event: 40.422 GC heap after
Heap after GC invocations=10 (full 2):
 PSYoungGen      total 371712K, used 31735K [0x00000007a4f00000, 0x00000007c3d80000, 0x0000000ae6400000)
  eden space 339968K, 0% used [0x00000007a4f00000,0x00000007a4f00000,0x00000007b9b00000)
  from space 31744K, 99% used [0x00000007c1e80000,0x00000007c3d7dec8,0x00000007c3d80000)
  to   space 36352K, 0% used [0x00000007bf680000,0x00000007bf680000,0x00000007c1a00000)
 ParOldGen       total 183296K, used 24676K [0x0000000122400000, 0x000000012d700000, 0x00000007a4f00000)
  object space 183296K, 13% used [0x0000000122400000,0x0000000123c19320,0x000000012d700000)
 Metaspace       used 53418K, capacity 56332K, committed 56576K, reserved 57344K
}
Event: 345.022 GC heap before
{Heap before GC invocations=11 (full 2):
 PSYoungGen      total 371712K, used 371703K [0x00000007a4f00000, 0x00000007c3d80000, 0x0000000ae6400000)
  eden space 339968K, 100% used [0x00000007a4f00000,0x00000007b9b00000,0x00000007b9b00000)
  from space 31744K, 99% used [0x00000007c1e80000,0x00000007c3d7dec8,0x00000007c3d80000)
  to   space 36352K, 0% used [0x00000007bf680000,0x00000007bf680000,0x00000007c1a00000)
 ParOldGen       total 183296K, used 24676K [0x0000000122400000, 0x000000012d700000, 0x00000007a4f00000)
  object space 183296K, 13% used [0x0000000122400000,0x0000000123c19320,0x000000012d700000)
 Metaspace       used 53424K, capacity 56396K, committed 56576K, reserved 57344K
Event: 345.038 GC heap after
Heap after GC invocations=11 (full 2):
 PSYoungGen      total 412160K, used 22665K [0x00000007a4f00000, 0x00000007c1f00000, 0x0000000ae6400000)
  eden space 389120K, 0% used [0x00000007a4f00000,0x00000007a4f00000,0x00000007bcb00000)
  from space 23040K, 98% used [0x00000007bf680000,0x00000007c0ca2590,0x00000007c0d00000)
  to   space 18432K, 0% used [0x00000007c0d00000,0x00000007c0d00000,0x00000007c1f00000)
 ParOldGen       total 183296K, used 24684K [0x0000000122400000, 0x000000012d700000, 0x00000007a4f00000)
  object space 183296K, 13% used [0x0000000122400000,0x0000000123c1b320,0x000000012d700000)
 Metaspace       used 53424K, capacity 56396K, committed 56576K, reserved 57344K
}
Event: 1796.522 GC heap before
{Heap before GC invocations=12 (full 2):
 PSYoungGen      total 412160K, used 411785K [0x00000007a4f00000, 0x00000007c1f00000, 0x0000000ae6400000)
  eden space 389120K, 100% used [0x00000007a4f00000,0x00000007bcb00000,0x00000007bcb00000)
  from space 23040K, 98% used [0x00000007bf680000,0x00000007c0ca2590,0x00000007c0d00000)
  to   space 18432K, 0% used [0x00000007c0d00000,0x00000007c0d00000,0x00000007c1f00000)
 ParOldGen       total 183296K, used 24684K [0x0000000122400000, 0x000000012d700000, 0x00000007a4f00000)
  object space 183296K, 13% used [0x0000000122400000,0x0000000123c1b320,0x000000012d700000)
 Metaspace       used 55039K, capacity 57942K, committed 58112K, reserved 59392K
Event: 1796.535 GC heap after
Heap after GC invocations=12 (full 2):
 PSYoungGen      total 393216K, used 18415K [0x00000007a4f00000, 0x00000007c1f00000, 0x0000000ae6400000)
  eden space 374784K, 0% used [0x00000007a4f00000,0x00000007a4f00000,0x00000007bbd00000)
  from space 18432K, 99% used [0x00000007c0d00000,0x00000007c1efbd88,0x00000007c1f00000)
  to   space 39424K, 0% used [0x00000007bd200000,0x00000007bd200000,0x00000007bf880000)
 ParOldGen       total 183296K, used 38368K [0x0000000122400000, 0x000000012d700000, 0x00000007a4f00000)
  object space 183296K, 20% used [0x0000000122400000,0x00000001249782c8,0x000000012d700000)
 Metaspace       used 55039K, capacity 57942K, committed 58112K, reserved 59392K
}
Event: 155704.286 GC heap before
{Heap before GC invocations=13 (full 2):
 PSYoungGen      total 393216K, used 136715K [0x00000007a4f00000, 0x00000007c1f00000, 0x0000000ae6400000)
  eden space 374784K, 31% used [0x00000007a4f00000,0x00000007ac2870f8,0x00000007bbd00000)
  from space 18432K, 99% used [0x00000007c0d00000,0x00000007c1efbd88,0x00000007c1f00000)
  to   space 39424K, 0% used [0x00000007bd200000,0x00000007bd200000,0x00000007bf880000)
 ParOldGen       total 183296K, used 38368K [0x0000000122400000, 0x000000012d700000, 0x00000007a4f00000)
  object space 183296K, 20% used [0x0000000122400000,0x00000001249782c8,0x000000012d700000)
 Metaspace       used 56000K, capacity 58936K, committed 59028K, reserved 59392K
Event: 155704.418 GC heap after
Heap after GC invocations=13 (full 2):
 PSYoungGen      total 387072K, used 25340K [0x00000007a4f00000, 0x00000007c0d80000, 0x0000000ae6400000)
  eden space 361472K, 0% used [0x00000007a4f00000,0x00000007a4f00000,0x00000007bb000000)
  from space 25600K, 98% used [0x00000007bd200000,0x00000007beabf398,0x00000007beb00000)
  to   space 35328K, 0% used [0x00000007beb00000,0x00000007beb00000,0x00000007c0d80000)
 ParOldGen       total 183296K, used 50280K [0x0000000122400000, 0x000000012d700000, 0x00000007a4f00000)
  object space 183296K, 27% used [0x0000000122400000,0x000000012551a2a0,0x000000012d700000)
 Metaspace       used 56000K, capacity 58936K, committed 59028K, reserved 59392K
}
Event: 155704.418 GC heap before
{Heap before GC invocations=14 (full 3):
 PSYoungGen      total 387072K, used 25340K [0x00000007a4f00000, 0x00000007c0d80000, 0x0000000ae6400000)
  eden space 361472K, 0% used [0x00000007a4f00000,0x00000007a4f00000,0x00000007bb000000)
  from space 25600K, 98% used [0x00000007bd200000,0x00000007beabf398,0x00000007beb00000)
  to   space 35328K, 0% used [0x00000007beb00000,0x00000007beb00000,0x00000007c0d80000)
 ParOldGen       total 183296K, used 50280K [0x0000000122400000, 0x000000012d700000, 0x00000007a4f00000)
  object space 183296K, 27% used [0x0000000122400000,0x000000012551a2a0,0x000000012d700000)
 Metaspace       used 56000K, capacity 58936K, committed 59028K, reserved 59392K
Event: 155704.624 GC heap after
Heap after GC invocations=14 (full 3):
 PSYoungGen      total 387072K, used 0K [0x00000007a4f00000, 0x00000007c0d80000, 0x0000000ae6400000)
  eden space 361472K, 0% used [0x00000007a4f00000,0x00000007a4f00000,0x00000007bb000000)
  from space 25600K, 0% used [0x00000007bd200000,0x00000007bd200000,0x00000007beb00000)
  to   space 35328K, 0% used [0x00000007beb00000,0x00000007beb00000,0x00000007c0d80000)
 ParOldGen       total 268800K, used 42482K [0x0000000122400000, 0x0000000132a80000, 0x00000007a4f00000)
  object space 268800K, 15% used [0x0000000122400000,0x0000000124d7caf0,0x0000000132a80000)
 Metaspace       used 55451K, capacity 57398K, committed 59028K, reserved 59392K
}

