# JRE version: Java(TM) SE Runtime Environment (8.0_66-b17) (build 1.8.0_66-b17)
# Java VM: Java HotSpot(TM) 64-Bit Server VM (25.66-b17 mixed mode bsd-amd64 )
Heap:
 PSYoungGen      total 997888K, used 19320K [0x00000007adb00000, 0x00000007ee700000, 0x0000000aef000000)
  eden space 934912K, 2% used [0x00000007adb00000,0x00000007aedde1c0,0x00000007e6c00000)
  from space 62976K, 0% used [0x00000007e6c00000,0x00000007e6c00000,0x00000007ea980000)
  to   space 62976K, 0% used [0x00000007ea980000,0x00000007ea980000,0x00000007ee700000)
 ParOldGen       total 736768K, used 430009K [0x000000012b000000, 0x0000000157f80000, 0x00000007adb00000)
  object space 736768K, 58% used [0x000000012b000000,0x00000001453ee720,0x0000000157f80000)
 Metaspace       used 62555K, capacity 64592K, committed 66304K, reserved 67584K
GC Heap History (10 events):
Event: 226363.280 GC heap before
{Heap before GC invocations=35 (full 5):
 PSYoungGen      total 918016K, used 878039K [0x00000007adb00000, 0x00000007ed980000, 0x0000000aef000000)
  eden space 844800K, 99% used [0x00000007adb00000,0x00000007e1372c28,0x00000007e1400000)
  from space 73216K, 46% used [0x00000007e1400000,0x00000007e3503140,0x00000007e5b80000)
  to   space 70656K, 0% used [0x00000007e9480000,0x00000007e9480000,0x00000007ed980000)
 ParOldGen       total 736768K, used 487780K [0x000000012b000000, 0x0000000157f80000, 0x00000007adb00000)
  object space 736768K, 66% used [0x000000012b000000,0x0000000148c591a0,0x0000000157f80000)
 Metaspace       used 62450K, capacity 64474K, committed 66048K, reserved 67584K
Event: 226363.290 GC heap after
Heap after GC invocations=35 (full 5):
 PSYoungGen      total 953856K, used 24917K [0x00000007adb00000, 0x00000007ecb80000, 0x0000000aef000000)
  eden space 897536K, 0% used [0x00000007adb00000,0x00000007adb00000,0x00000007e4780000)
  from space 56320K, 44% used [0x00000007e9480000,0x00000007eacd5548,0x00000007ecb80000)
  to   space 67584K, 0% used [0x00000007e4780000,0x00000007e4780000,0x00000007e8980000)
 ParOldGen       total 736768K, used 487780K [0x000000012b000000, 0x0000000157f80000, 0x00000007adb00000)
  object space 736768K, 66% used [0x000000012b000000,0x0000000148c591a0,0x0000000157f80000)
 Metaspace       used 62450K, capacity 64474K, committed 66048K, reserved 67584K
}
Event: 226372.104 GC heap before
{Heap before GC invocations=36 (full 5):
 PSYoungGen      total 953856K, used 918652K [0x00000007adb00000, 0x00000007ecb80000, 0x0000000aef000000)
  eden space 897536K, 99% used [0x00000007adb00000,0x00000007e43c9c18,0x00000007e4780000)
  from space 56320K, 44% used [0x00000007e9480000,0x00000007eacd5548,0x00000007ecb80000)
  to   space 67584K, 0% used [0x00000007e4780000,0x00000007e4780000,0x00000007e8980000)
 ParOldGen       total 736768K, used 487780K [0x000000012b000000, 0x0000000157f80000, 0x00000007adb00000)
  object space 736768K, 66% used [0x000000012b000000,0x0000000148c591a0,0x0000000157f80000)
 Metaspace       used 62450K, capacity 64474K, committed 66048K, reserved 67584K
Event: 226372.110 GC heap after
Heap after GC invocations=36 (full 5):
 PSYoungGen      total 965120K, used 24577K [0x00000007adb00000, 0x00000007ef380000, 0x0000000aef000000)
  eden space 897536K, 0% used [0x00000007adb00000,0x00000007adb00000,0x00000007e4780000)
  from space 67584K, 36% used [0x00000007e4780000,0x00000007e5f80658,0x00000007e8980000)
  to   space 64512K, 0% used [0x00000007eb480000,0x00000007eb480000,0x00000007ef380000)
 ParOldGen       total 736768K, used 487780K [0x000000012b000000, 0x0000000157f80000, 0x00000007adb00000)
  object space 736768K, 66% used [0x000000012b000000,0x0000000148c591a0,0x0000000157f80000)
 Metaspace       used 62450K, capacity 64474K, committed 66048K, reserved 67584K
}
Event: 258895.177 GC heap before
{Heap before GC invocations=37 (full 5):
 PSYoungGen      total 965120K, used 921296K [0x00000007adb00000, 0x00000007ef380000, 0x0000000aef000000)
  eden space 897536K, 99% used [0x00000007adb00000,0x00000007e46b3a00,0x00000007e4780000)
  from space 67584K, 36% used [0x00000007e4780000,0x00000007e5f80658,0x00000007e8980000)
  to   space 64512K, 0% used [0x00000007eb480000,0x00000007eb480000,0x00000007ef380000)
 ParOldGen       total 736768K, used 487780K [0x000000012b000000, 0x0000000157f80000, 0x00000007adb00000)
  object space 736768K, 66% used [0x000000012b000000,0x0000000148c591a0,0x0000000157f80000)
 Metaspace       used 62528K, capacity 64538K, committed 66048K, reserved 67584K
Event: 258898.281 GC heap after
Heap after GC invocations=37 (full 5):
 PSYoungGen      total 986624K, used 15668K [0x00000007adb00000, 0x00000007ee700000, 0x0000000aef000000)
  eden space 934912K, 0% used [0x00000007adb00000,0x00000007adb00000,0x00000007e6c00000)
  from space 51712K, 30% used [0x00000007eb480000,0x00000007ec3cd3d0,0x00000007ee700000)
  to   space 62976K, 0% used [0x00000007e6c00000,0x00000007e6c00000,0x00000007ea980000)
 ParOldGen       total 736768K, used 487788K [0x000000012b000000, 0x0000000157f80000, 0x00000007adb00000)
  object space 736768K, 66% used [0x000000012b000000,0x0000000148c5b1a0,0x0000000157f80000)
 Metaspace       used 62528K, capacity 64538K, committed 66048K, reserved 67584K
}
Event: 419371.066 GC heap before
{Heap before GC invocations=38 (full 5):
 PSYoungGen      total 986624K, used 445954K [0x00000007adb00000, 0x00000007ee700000, 0x0000000aef000000)
  eden space 934912K, 46% used [0x00000007adb00000,0x00000007c7f336f8,0x00000007e6c00000)
  from space 51712K, 30% used [0x00000007eb480000,0x00000007ec3cd3d0,0x00000007ee700000)
  to   space 62976K, 0% used [0x00000007e6c00000,0x00000007e6c00000,0x00000007ea980000)
 ParOldGen       total 736768K, used 487788K [0x000000012b000000, 0x0000000157f80000, 0x00000007adb00000)
  object space 736768K, 66% used [0x000000012b000000,0x0000000148c5b1a0,0x0000000157f80000)
 Metaspace       used 62546K, capacity 64538K, committed 66048K, reserved 67584K
Event: 419371.450 GC heap after
Heap after GC invocations=38 (full 5):
 PSYoungGen      total 997888K, used 8294K [0x00000007adb00000, 0x00000007ee700000, 0x0000000aef000000)
  eden space 934912K, 0% used [0x00000007adb00000,0x00000007adb00000,0x00000007e6c00000)
  from space 62976K, 13% used [0x00000007e6c00000,0x00000007e7419808,0x00000007ea980000)
  to   space 62976K, 0% used [0x00000007ea980000,0x00000007ea980000,0x00000007ee700000)
 ParOldGen       total 736768K, used 487788K [0x000000012b000000, 0x0000000157f80000, 0x00000007adb00000)
  object space 736768K, 66% used [0x000000012b000000,0x0000000148c5b1a0,0x0000000157f80000)
 Metaspace       used 62546K, capacity 64538K, committed 66048K, reserved 67584K
}
Event: 419371.450 GC heap before
{Heap before GC invocations=39 (full 6):
 PSYoungGen      total 997888K, used 8294K [0x00000007adb00000, 0x00000007ee700000, 0x0000000aef000000)
  eden space 934912K, 0% used [0x00000007adb00000,0x00000007adb00000,0x00000007e6c00000)
  from space 62976K, 13% used [0x00000007e6c00000,0x00000007e7419808,0x00000007ea980000)
  to   space 62976K, 0% used [0x00000007ea980000,0x00000007ea980000,0x00000007ee700000)
 ParOldGen       total 736768K, used 487788K [0x000000012b000000, 0x0000000157f80000, 0x00000007adb00000)
  object space 736768K, 66% used [0x000000012b000000,0x0000000148c5b1a0,0x0000000157f80000)
 Metaspace       used 62546K, capacity 64538K, committed 66048K, reserved 67584K
Event: 419373.187 GC heap after
Heap after GC invocations=39 (full 6):
 PSYoungGen      total 997888K, used 0K [0x00000007adb00000, 0x00000007ee700000, 0x0000000aef000000)
  eden space 934912K, 0% used [0x00000007adb00000,0x00000007adb00000,0x00000007e6c00000)
  from space 62976K, 0% used [0x00000007e6c00000,0x00000007e6c00000,0x00000007ea980000)
  to   space 62976K, 0% used [0x00000007ea980000,0x00000007ea980000,0x00000007ee700000)
 ParOldGen       total 736768K, used 430009K [0x000000012b000000, 0x0000000157f80000, 0x00000007adb00000)
  object space 736768K, 58% used [0x000000012b000000,0x00000001453ee720,0x0000000157f80000)
 Metaspace       used 62541K, capacity 64528K, committed 66048K, reserved 67584K
}

