# JRE version: Java(TM) SE Runtime Environment (8.0_66-b17) (build 1.8.0_66-b17)
# Java VM: Java HotSpot(TM) 64-Bit Server VM (25.66-b17 mixed mode bsd-amd64 )
Heap:
 PSYoungGen      total 434176K, used 47909K [0x00000007acf00000, 0x00000007d0700000, 0x0000000aee400000)
  eden space 312320K, 14% used [0x00000007acf00000,0x00000007afa6f0b0,0x00000007c0000000)
  from space 121856K, 2% used [0x00000007c9000000,0x00000007c935a3e8,0x00000007d0700000)
  to   space 134656K, 0% used [0x00000007c0000000,0x00000007c0000000,0x00000007c8380000)
 ParOldGen       total 1112576K, used 815274K [0x000000012a400000, 0x000000016e280000, 0x00000007acf00000)
  object space 1112576K, 73% used [0x000000012a400000,0x000000015c02aa08,0x000000016e280000)
 Metaspace       used 62779K, capacity 65878K, committed 66048K, reserved 67584K
GC Heap History (10 events):
Event: 309978.372 GC heap before
{Heap before GC invocations=44 (full 6):
 PSYoungGen      total 378880K, used 377330K [0x00000007acf00000, 0x00000007d7280000, 0x0000000aee400000)
  eden space 358912K, 99% used [0x00000007acf00000,0x00000007c2c64698,0x00000007c2d80000)
  from space 19968K, 97% used [0x00000007c3800000,0x00000007c4b184c8,0x00000007c4b80000)
  to   space 166400K, 0% used [0x00000007cd000000,0x00000007cd000000,0x00000007d7280000)
 ParOldGen       total 1112576K, used 815266K [0x000000012a400000, 0x000000016e280000, 0x00000007acf00000)
  object space 1112576K, 73% used [0x000000012a400000,0x000000015c028a08,0x000000016e280000)
 Metaspace       used 62775K, capacity 65814K, committed 66048K, reserved 67584K
Event: 309978.598 GC heap after
Heap after GC invocations=44 (full 6):
 PSYoungGen      total 487424K, used 22375K [0x00000007acf00000, 0x00000007d5780000, 0x0000000aee400000)
  eden space 348672K, 0% used [0x00000007acf00000,0x00000007acf00000,0x00000007c2380000)
  from space 138752K, 16% used [0x00000007cd000000,0x00000007ce5d9c28,0x00000007d5780000)
  to   space 157696K, 0% used [0x00000007c2380000,0x00000007c2380000,0x00000007cbd80000)
 ParOldGen       total 1112576K, used 815266K [0x000000012a400000, 0x000000016e280000, 0x00000007acf00000)
  object space 1112576K, 73% used [0x000000012a400000,0x000000015c028a08,0x000000016e280000)
 Metaspace       used 62775K, capacity 65814K, committed 66048K, reserved 67584K
}
Event: 326454.151 GC heap before
{Heap before GC invocations=45 (full 6):
 PSYoungGen      total 487424K, used 367354K [0x00000007acf00000, 0x00000007d5780000, 0x0000000aee400000)
  eden space 348672K, 98% used [0x00000007acf00000,0x00000007c1fe4e60,0x00000007c2380000)
  from space 138752K, 16% used [0x00000007cd000000,0x00000007ce5d9c28,0x00000007d5780000)
  to   space 157696K, 0% used [0x00000007c2380000,0x00000007c2380000,0x00000007cbd80000)
 ParOldGen       total 1112576K, used 815266K [0x000000012a400000, 0x000000016e280000, 0x00000007acf00000)
  object space 1112576K, 73% used [0x000000012a400000,0x000000015c028a08,0x000000016e280000)
 Metaspace       used 62775K, capacity 65814K, committed 66048K, reserved 67584K
Event: 326454.247 GC heap after
Heap after GC invocations=45 (full 6):
 PSYoungGen      total 398336K, used 59221K [0x00000007acf00000, 0x00000007d4400000, 0x0000000aee400000)
  eden space 338944K, 0% used [0x00000007acf00000,0x00000007acf00000,0x00000007c1a00000)
  from space 59392K, 99% used [0x00000007c2380000,0x00000007c5d554d8,0x00000007c5d80000)
  to   space 152576K, 0% used [0x00000007caf00000,0x00000007caf00000,0x00000007d4400000)
 ParOldGen       total 1112576K, used 815266K [0x000000012a400000, 0x000000016e280000, 0x00000007acf00000)
  object space 1112576K, 73% used [0x000000012a400000,0x000000015c028a08,0x000000016e280000)
 Metaspace       used 62775K, capacity 65814K, committed 66048K, reserved 67584K
}
Event: 334775.599 GC heap before
{Heap before GC invocations=46 (full 6):
 PSYoungGen      total 398336K, used 384299K [0x00000007acf00000, 0x00000007d4400000, 0x0000000aee400000)
  eden space 338944K, 95% used [0x00000007acf00000,0x00000007c0c75838,0x00000007c1a00000)
  from space 59392K, 99% used [0x00000007c2380000,0x00000007c5d554d8,0x00000007c5d80000)
  to   space 152576K, 0% used [0x00000007caf00000,0x00000007caf00000,0x00000007d4400000)
 ParOldGen       total 1112576K, used 815266K [0x000000012a400000, 0x000000016e280000, 0x00000007acf00000)
  object space 1112576K, 73% used [0x000000012a400000,0x000000015c028a08,0x000000016e280000)
 Metaspace       used 62776K, capacity 65814K, committed 66048K, reserved 67584K
Event: 334775.763 GC heap after
Heap after GC invocations=46 (full 6):
 PSYoungGen      total 458752K, used 19649K [0x00000007acf00000, 0x00000007d2d00000, 0x0000000aee400000)
  eden space 329728K, 0% used [0x00000007acf00000,0x00000007acf00000,0x00000007c1100000)
  from space 129024K, 15% used [0x00000007caf00000,0x00000007cc2304c8,0x00000007d2d00000)
  to   space 145408K, 0% used [0x00000007c1100000,0x00000007c1100000,0x00000007c9f00000)
 ParOldGen       total 1112576K, used 815274K [0x000000012a400000, 0x000000016e280000, 0x00000007acf00000)
  object space 1112576K, 73% used [0x000000012a400000,0x000000015c02aa08,0x000000016e280000)
 Metaspace       used 62776K, capacity 65814K, committed 66048K, reserved 67584K
}
Event: 369375.075 GC heap before
{Heap before GC invocations=47 (full 6):
 PSYoungGen      total 458752K, used 336645K [0x00000007acf00000, 0x00000007d2d00000, 0x0000000aee400000)
  eden space 329728K, 96% used [0x00000007acf00000,0x00000007c04911f8,0x00000007c1100000)
  from space 129024K, 15% used [0x00000007caf00000,0x00000007cc2304c8,0x00000007d2d00000)
  to   space 145408K, 0% used [0x00000007c1100000,0x00000007c1100000,0x00000007c9f00000)
 ParOldGen       total 1112576K, used 815274K [0x000000012a400000, 0x000000016e280000, 0x00000007acf00000)
  object space 1112576K, 73% used [0x000000012a400000,0x000000015c02aa08,0x000000016e280000)
 Metaspace       used 62776K, capacity 65814K, committed 66048K, reserved 67584K
Event: 369375.658 GC heap after
Heap after GC invocations=47 (full 6):
 PSYoungGen      total 340992K, used 19649K [0x00000007acf00000, 0x00000007d1780000, 0x0000000aee400000)
  eden space 321024K, 0% used [0x00000007acf00000,0x00000007acf00000,0x00000007c0880000)
  from space 19968K, 98% used [0x00000007c1100000,0x00000007c24304c8,0x00000007c2480000)
  to   space 138752K, 0% used [0x00000007c9000000,0x00000007c9000000,0x00000007d1780000)
 ParOldGen       total 1112576K, used 815274K [0x000000012a400000, 0x000000016e280000, 0x00000007acf00000)
  object space 1112576K, 73% used [0x000000012a400000,0x000000015c02aa08,0x000000016e280000)
 Metaspace       used 62776K, capacity 65814K, committed 66048K, reserved 67584K
}
Event: 376516.604 GC heap before
{Heap before GC invocations=48 (full 6):
 PSYoungGen      total 340992K, used 336523K [0x00000007acf00000, 0x00000007d1780000, 0x0000000aee400000)
  eden space 321024K, 98% used [0x00000007acf00000,0x00000007c0472828,0x00000007c0880000)
  from space 19968K, 98% used [0x00000007c1100000,0x00000007c24304c8,0x00000007c2480000)
  to   space 138752K, 0% used [0x00000007c9000000,0x00000007c9000000,0x00000007d1780000)
 ParOldGen       total 1112576K, used 815274K [0x000000012a400000, 0x000000016e280000, 0x00000007acf00000)
  object space 1112576K, 73% used [0x000000012a400000,0x000000015c02aa08,0x000000016e280000)
 Metaspace       used 62779K, capacity 65878K, committed 66048K, reserved 67584K
Event: 376516.623 GC heap after
Heap after GC invocations=48 (full 6):
 PSYoungGen      total 434176K, used 3432K [0x00000007acf00000, 0x00000007d0700000, 0x0000000aee400000)
  eden space 312320K, 0% used [0x00000007acf00000,0x00000007acf00000,0x00000007c0000000)
  from space 121856K, 2% used [0x00000007c9000000,0x00000007c935a3e8,0x00000007d0700000)
  to   space 134656K, 0% used [0x00000007c0000000,0x00000007c0000000,0x00000007c8380000)
 ParOldGen       total 1112576K, used 815274K [0x000000012a400000, 0x000000016e280000, 0x00000007acf00000)
  object space 1112576K, 73% used [0x000000012a400000,0x000000015c02aa08,0x000000016e280000)
 Metaspace       used 62779K, capacity 65878K, committed 66048K, reserved 67584K
}

