# JRE version: Java(TM) SE Runtime Environment (8.0_66-b17) (build 1.8.0_66-b17)
# Java VM: Java HotSpot(TM) 64-Bit Server VM (25.66-b17 mixed mode bsd-amd64 compressed oops)
Heap:
 PSYoungGen      total 939520K, used 9417K [0x00000006e8580000, 0x0000000734880000, 0x00000007c0000000)
  eden space 878080K, 1% used [0x00000006e8580000,0x00000006e8eb2478,0x000000071df00000)
  from space 61440K, 0% used [0x000000071df00000,0x000000071df00000,0x0000000721b00000)
  to   space 117248K, 0% used [0x000000072d600000,0x000000072d600000,0x0000000734880000)
 ParOldGen       total 640512K, used 186631K [0x0000000539000000, 0x0000000560180000, 0x00000006e8580000)
  object space 640512K, 29% used [0x0000000539000000,0x0000000544641e70,0x0000000560180000)
 Metaspace       used 64413K, capacity 65573K, committed 66216K, reserved 1105920K
  class space    used 9343K, capacity 9808K, committed 9904K, reserved 1048576K
GC Heap History (10 events):
Event: 18.544 GC heap before
{Heap before GC invocations=17 (full 5):
 PSYoungGen      total 757248K, used 40592K [0x00000006e8580000, 0x0000000719c80000, 0x00000007c0000000)
  eden space 715776K, 0% used [0x00000006e8580000,0x00000006e8580000,0x0000000714080000)
  from space 41472K, 97% used [0x0000000716e80000,0x00000007196243c8,0x0000000719700000)
  to   space 47104K, 0% used [0x0000000714080000,0x0000000714080000,0x0000000716e80000)
 ParOldGen       total 874496K, used 773714K [0x0000000539000000, 0x000000056e600000, 0x00000006e8580000)
  object space 874496K, 88% used [0x0000000539000000,0x00000005683949b8,0x000000056e600000)
 Metaspace       used 56493K, capacity 57683K, committed 58152K, reserved 1097728K
  class space    used 8542K, capacity 8991K, committed 9008K, reserved 1048576K
Event: 18.630 GC heap after
Heap after GC invocations=17 (full 5):
 PSYoungGen      total 757248K, used 0K [0x00000006e8580000, 0x0000000719c80000, 0x00000007c0000000)
  eden space 715776K, 0% used [0x00000006e8580000,0x00000006e8580000,0x0000000714080000)
  from space 41472K, 0% used [0x0000000716e80000,0x0000000716e80000,0x0000000719700000)
  to   space 47104K, 0% used [0x0000000714080000,0x0000000714080000,0x0000000716e80000)
 ParOldGen       total 985088K, used 583402K [0x0000000539000000, 0x0000000575200000, 0x00000006e8580000)
  object space 985088K, 59% used [0x0000000539000000,0x000000055c9ba9b0,0x0000000575200000)
 Metaspace       used 56493K, capacity 57683K, committed 58152K, reserved 1097728K
  class space    used 8542K, capacity 8991K, committed 9008K, reserved 1048576K
}
Event: 19.950 GC heap before
{Heap before GC invocations=18 (full 5):
 PSYoungGen      total 757248K, used 714784K [0x00000006e8580000, 0x0000000719c80000, 0x00000007c0000000)
  eden space 715776K, 99% used [0x00000006e8580000,0x0000000713f88210,0x0000000714080000)
  from space 41472K, 0% used [0x0000000716e80000,0x0000000716e80000,0x0000000719700000)
  to   space 47104K, 0% used [0x0000000714080000,0x0000000714080000,0x0000000716e80000)
 ParOldGen       total 985088K, used 583402K [0x0000000539000000, 0x0000000575200000, 0x00000006e8580000)
  object space 985088K, 59% used [0x0000000539000000,0x000000055c9ba9b0,0x0000000575200000)
 Metaspace       used 56533K, capacity 57683K, committed 58152K, reserved 1097728K
  class space    used 8542K, capacity 8991K, committed 9008K, reserved 1048576K
Event: 19.984 GC heap after
Heap after GC invocations=18 (full 5):
 PSYoungGen      total 762880K, used 47031K [0x00000006e8580000, 0x0000000725780000, 0x00000007c0000000)
  eden space 715776K, 0% used [0x00000006e8580000,0x00000006e8580000,0x0000000714080000)
  from space 47104K, 99% used [0x0000000714080000,0x0000000716e6de80,0x0000000716e80000)
  to   space 53760K, 0% used [0x0000000722300000,0x0000000722300000,0x0000000725780000)
 ParOldGen       total 985088K, used 685811K [0x0000000539000000, 0x0000000575200000, 0x00000006e8580000)
  object space 985088K, 69% used [0x0000000539000000,0x0000000562dbcff0,0x0000000575200000)
 Metaspace       used 56533K, capacity 57683K, committed 58152K, reserved 1097728K
  class space    used 8542K, capacity 8991K, committed 9008K, reserved 1048576K
}
Event: 78.363 GC heap before
{Heap before GC invocations=19 (full 5):
 PSYoungGen      total 762880K, used 761418K [0x00000006e8580000, 0x0000000725780000, 0x00000007c0000000)
  eden space 715776K, 99% used [0x00000006e8580000,0x0000000713f24c08,0x0000000714080000)
  from space 47104K, 99% used [0x0000000714080000,0x0000000716e6de80,0x0000000716e80000)
  to   space 53760K, 0% used [0x0000000722300000,0x0000000722300000,0x0000000725780000)
 ParOldGen       total 985088K, used 685811K [0x0000000539000000, 0x0000000575200000, 0x00000006e8580000)
  object space 985088K, 69% used [0x0000000539000000,0x0000000562dbcff0,0x0000000575200000)
 Metaspace       used 58023K, capacity 59157K, committed 59560K, reserved 1099776K
  class space    used 8661K, capacity 9092K, committed 9136K, reserved 1048576K
Event: 78.387 GC heap after
Heap after GC invocations=19 (full 5):
 PSYoungGen      total 918528K, used 53135K [0x00000006e8580000, 0x0000000725700000, 0x00000007c0000000)
  eden space 865280K, 0% used [0x00000006e8580000,0x00000006e8580000,0x000000071d280000)
  from space 53248K, 99% used [0x0000000722300000,0x00000007256e3e88,0x0000000725700000)
  to   space 61440K, 0% used [0x000000071df00000,0x000000071df00000,0x0000000721b00000)
 ParOldGen       total 985088K, used 713468K [0x0000000539000000, 0x0000000575200000, 0x00000006e8580000)
  object space 985088K, 72% used [0x0000000539000000,0x00000005648bf1a0,0x0000000575200000)
 Metaspace       used 58023K, capacity 59157K, committed 59560K, reserved 1099776K
  class space    used 8661K, capacity 9092K, committed 9136K, reserved 1048576K
}
Event: 3421.929 GC heap before
{Heap before GC invocations=20 (full 5):
 PSYoungGen      total 918528K, used 918415K [0x00000006e8580000, 0x0000000725700000, 0x00000007c0000000)
  eden space 865280K, 100% used [0x00000006e8580000,0x000000071d280000,0x000000071d280000)
  from space 53248K, 99% used [0x0000000722300000,0x00000007256e3e88,0x0000000725700000)
  to   space 61440K, 0% used [0x000000071df00000,0x000000071df00000,0x0000000721b00000)
 ParOldGen       total 985088K, used 713468K [0x0000000539000000, 0x0000000575200000, 0x00000006e8580000)
  object space 985088K, 72% used [0x0000000539000000,0x00000005648bf1a0,0x0000000575200000)
 Metaspace       used 64411K, capacity 65573K, committed 66216K, reserved 1105920K
  class space    used 9343K, capacity 9808K, committed 9904K, reserved 1048576K
Event: 3422.152 GC heap after
Heap after GC invocations=20 (full 5):
 PSYoungGen      total 939520K, used 61415K [0x00000006e8580000, 0x0000000734880000, 0x00000007c0000000)
  eden space 878080K, 0% used [0x00000006e8580000,0x00000006e8580000,0x000000071df00000)
  from space 61440K, 99% used [0x000000071df00000,0x0000000721af9d98,0x0000000721b00000)
  to   space 117248K, 0% used [0x000000072d600000,0x000000072d600000,0x0000000734880000)
 ParOldGen       total 985088K, used 839619K [0x0000000539000000, 0x0000000575200000, 0x00000006e8580000)
  object space 985088K, 85% used [0x0000000539000000,0x000000056c3f0e88,0x0000000575200000)
 Metaspace       used 64411K, capacity 65573K, committed 66216K, reserved 1105920K
  class space    used 9343K, capacity 9808K, committed 9904K, reserved 1048576K
}
Event: 3422.152 GC heap before
{Heap before GC invocations=21 (full 6):
 PSYoungGen      total 939520K, used 61415K [0x00000006e8580000, 0x0000000734880000, 0x00000007c0000000)
  eden space 878080K, 0% used [0x00000006e8580000,0x00000006e8580000,0x000000071df00000)
  from space 61440K, 99% used [0x000000071df00000,0x0000000721af9d98,0x0000000721b00000)
  to   space 117248K, 0% used [0x000000072d600000,0x000000072d600000,0x0000000734880000)
 ParOldGen       total 985088K, used 839619K [0x0000000539000000, 0x0000000575200000, 0x00000006e8580000)
  object space 985088K, 85% used [0x0000000539000000,0x000000056c3f0e88,0x0000000575200000)
 Metaspace       used 64411K, capacity 65573K, committed 66216K, reserved 1105920K
  class space    used 9343K, capacity 9808K, committed 9904K, reserved 1048576K
Event: 3422.494 GC heap after
Heap after GC invocations=21 (full 6):
 PSYoungGen      total 939520K, used 0K [0x00000006e8580000, 0x0000000734880000, 0x00000007c0000000)
  eden space 878080K, 0% used [0x00000006e8580000,0x00000006e8580000,0x000000071df00000)
  from space 61440K, 0% used [0x000000071df00000,0x000000071df00000,0x0000000721b00000)
  to   space 117248K, 0% used [0x000000072d600000,0x000000072d600000,0x0000000734880000)
 ParOldGen       total 640512K, used 186631K [0x0000000539000000, 0x0000000560180000, 0x00000006e8580000)
  object space 640512K, 29% used [0x0000000539000000,0x0000000544641e70,0x0000000560180000)
 Metaspace       used 64411K, capacity 65573K, committed 66216K, reserved 1105920K
  class space    used 9343K, capacity 9808K, committed 9904K, reserved 1048576K
}

