# JRE version: Java(TM) SE Runtime Environment (8.0_66-b17) (build 1.8.0_66-b17)
# Java VM: Java HotSpot(TM) 64-Bit Server VM (25.66-b17 mixed mode bsd-amd64 compressed oops)
Heap:
 PSYoungGen      total 3085824K, used 37801K [0x00000006e8580000, 0x00000007c0000000, 0x00000007c0000000)
  eden space 2833920K, 1% used [0x00000006e8580000,0x00000006eaa6a680,0x0000000795500000)
  from space 251904K, 0% used [0x00000007b0a00000,0x00000007b0a00000,0x00000007c0000000)
  to   space 349696K, 0% used [0x0000000795500000,0x0000000795500000,0x00000007aaa80000)
 ParOldGen       total 1011200K, used 575987K [0x0000000539000000, 0x0000000576b80000, 0x00000006e8580000)
  object space 1011200K, 56% used [0x0000000539000000,0x000000055c27ced0,0x0000000576b80000)
 Metaspace       used 68108K, capacity 69543K, committed 69928K, reserved 1110016K
  class space    used 9457K, capacity 9865K, committed 10032K, reserved 1048576K
GC Heap History (10 events):
Event: 40546.614 GC heap before
{Heap before GC invocations=26 (full 7):
 PSYoungGen      total 2565632K, used 81890K [0x00000006e8580000, 0x00000007bbd00000, 0x00000007c0000000)
  eden space 2483712K, 0% used [0x00000006e8580000,0x00000006e8580000,0x000000077ff00000)
  from space 81920K, 99% used [0x000000077ff00000,0x0000000784ef8920,0x0000000784f00000)
  to   space 233472K, 0% used [0x00000007ad900000,0x00000007ad900000,0x00000007bbd00000)
 ParOldGen       total 994304K, used 992836K [0x0000000539000000, 0x0000000575b00000, 0x00000006e8580000)
  object space 994304K, 99% used [0x0000000539000000,0x00000005759910d8,0x0000000575b00000)
 Metaspace       used 63144K, capacity 64407K, committed 64680K, reserved 1103872K
  class space    used 9154K, capacity 9617K, committed 9648K, reserved 1048576K
Event: 40547.430 GC heap after
Heap after GC invocations=26 (full 7):
 PSYoungGen      total 2565632K, used 65093K [0x00000006e8580000, 0x00000007bbd00000, 0x00000007c0000000)
  eden space 2483712K, 0% used [0x00000006e8580000,0x00000006e8580000,0x000000077ff00000)
  from space 81920K, 79% used [0x000000077ff00000,0x0000000783e916a0,0x0000000784f00000)
  to   space 233472K, 0% used [0x00000007ad900000,0x00000007ad900000,0x00000007bbd00000)
 ParOldGen       total 1412608K, used 993240K [0x0000000539000000, 0x000000058f380000, 0x00000006e8580000)
  object space 1412608K, 70% used [0x0000000539000000,0x00000005759f63a0,0x000000058f380000)
 Metaspace       used 62730K, capacity 63697K, committed 64680K, reserved 1103872K
  class space    used 8999K, capacity 9326K, committed 9648K, reserved 1048576K
}
Event: 43347.546 GC heap before
{Heap before GC invocations=27 (full 7):
 PSYoungGen      total 2565632K, used 2548805K [0x00000006e8580000, 0x00000007bbd00000, 0x00000007c0000000)
  eden space 2483712K, 100% used [0x00000006e8580000,0x000000077ff00000,0x000000077ff00000)
  from space 81920K, 79% used [0x000000077ff00000,0x0000000783e916a0,0x0000000784f00000)
  to   space 233472K, 0% used [0x00000007ad900000,0x00000007ad900000,0x00000007bbd00000)
 ParOldGen       total 1412608K, used 993240K [0x0000000539000000, 0x000000058f380000, 0x00000006e8580000)
  object space 1412608K, 70% used [0x0000000539000000,0x00000005759f63a0,0x000000058f380000)
 Metaspace       used 66108K, capacity 67103K, committed 68136K, reserved 1107968K
  class space    used 9326K, capacity 9661K, committed 10032K, reserved 1048576K
Event: 43347.611 GC heap after
Heap after GC invocations=27 (full 7):
 PSYoungGen      total 3226112K, used 112438K [0x00000006e8580000, 0x00000007bb800000, 0x00000007c0000000)
  eden space 2997760K, 0% used [0x00000006e8580000,0x00000006e8580000,0x000000079f500000)
  from space 228352K, 49% used [0x00000007ad900000,0x00000007b46cd870,0x00000007bb800000)
  to   space 230912K, 0% used [0x000000079f500000,0x000000079f500000,0x00000007ad680000)
 ParOldGen       total 1412608K, used 1036654K [0x0000000539000000, 0x000000058f380000, 0x00000006e8580000)
  object space 1412608K, 73% used [0x0000000539000000,0x000000057845ba78,0x000000058f380000)
 Metaspace       used 66108K, capacity 67103K, committed 68136K, reserved 1107968K
  class space    used 9326K, capacity 9661K, committed 10032K, reserved 1048576K
}
Event: 45308.966 GC heap before
{Heap before GC invocations=28 (full 7):
 PSYoungGen      total 3226112K, used 3110198K [0x00000006e8580000, 0x00000007bb800000, 0x00000007c0000000)
  eden space 2997760K, 100% used [0x00000006e8580000,0x000000079f500000,0x000000079f500000)
  from space 228352K, 49% used [0x00000007ad900000,0x00000007b46cd870,0x00000007bb800000)
  to   space 230912K, 0% used [0x000000079f500000,0x000000079f500000,0x00000007ad680000)
 ParOldGen       total 1412608K, used 1036654K [0x0000000539000000, 0x000000058f380000, 0x00000006e8580000)
  object space 1412608K, 73% used [0x0000000539000000,0x000000057845ba78,0x000000058f380000)
 Metaspace       used 67577K, capacity 69031K, committed 69416K, reserved 1107968K
  class space    used 9455K, capacity 9865K, committed 10032K, reserved 1048576K
Event: 45309.111 GC heap after
Heap after GC invocations=28 (full 7):
 PSYoungGen      total 3228672K, used 179102K [0x00000006e8580000, 0x00000007c0000000, 0x00000007c0000000)
  eden space 2997760K, 0% used [0x00000006e8580000,0x00000006e8580000,0x000000079f500000)
  from space 230912K, 77% used [0x000000079f500000,0x00000007aa3e7910,0x00000007ad680000)
  to   space 251904K, 0% used [0x00000007b0a00000,0x00000007b0a00000,0x00000007c0000000)
 ParOldGen       total 1412608K, used 1121652K [0x0000000539000000, 0x000000058f380000, 0x00000006e8580000)
  object space 1412608K, 79% used [0x0000000539000000,0x000000057d75d388,0x000000058f380000)
 Metaspace       used 67577K, capacity 69031K, committed 69416K, reserved 1107968K
  class space    used 9455K, capacity 9865K, committed 10032K, reserved 1048576K
}
Event: 46423.667 GC heap before
{Heap before GC invocations=29 (full 7):
 PSYoungGen      total 3228672K, used 3176399K [0x00000006e8580000, 0x00000007c0000000, 0x00000007c0000000)
  eden space 2997760K, 99% used [0x00000006e8580000,0x000000079f48c2f0,0x000000079f500000)
  from space 230912K, 77% used [0x000000079f500000,0x00000007aa3e7910,0x00000007ad680000)
  to   space 251904K, 0% used [0x00000007b0a00000,0x00000007b0a00000,0x00000007c0000000)
 ParOldGen       total 1412608K, used 1121652K [0x0000000539000000, 0x000000058f380000, 0x00000006e8580000)
  object space 1412608K, 79% used [0x0000000539000000,0x000000057d75d388,0x000000058f380000)
 Metaspace       used 68105K, capacity 69543K, committed 69928K, reserved 1110016K
  class space    used 9457K, capacity 9865K, committed 10032K, reserved 1048576K
Event: 46424.023 GC heap after
Heap after GC invocations=29 (full 7):
 PSYoungGen      total 3085824K, used 251890K [0x00000006e8580000, 0x00000007c0000000, 0x00000007c0000000)
  eden space 2833920K, 0% used [0x00000006e8580000,0x00000006e8580000,0x0000000795500000)
  from space 251904K, 99% used [0x00000007b0a00000,0x00000007bfffc910,0x00000007c0000000)
  to   space 349696K, 0% used [0x0000000795500000,0x0000000795500000,0x00000007aaa80000)
 ParOldGen       total 1412608K, used 1269097K [0x0000000539000000, 0x000000058f380000, 0x00000006e8580000)
  object space 1412608K, 89% used [0x0000000539000000,0x000000058675a7b8,0x000000058f380000)
 Metaspace       used 68105K, capacity 69543K, committed 69928K, reserved 1110016K
  class space    used 9457K, capacity 9865K, committed 10032K, reserved 1048576K
}
Event: 46424.023 GC heap before
{Heap before GC invocations=30 (full 8):
 PSYoungGen      total 3085824K, used 251890K [0x00000006e8580000, 0x00000007c0000000, 0x00000007c0000000)
  eden space 2833920K, 0% used [0x00000006e8580000,0x00000006e8580000,0x0000000795500000)
  from space 251904K, 99% used [0x00000007b0a00000,0x00000007bfffc910,0x00000007c0000000)
  to   space 349696K, 0% used [0x0000000795500000,0x0000000795500000,0x00000007aaa80000)
 ParOldGen       total 1412608K, used 1269097K [0x0000000539000000, 0x000000058f380000, 0x00000006e8580000)
  object space 1412608K, 89% used [0x0000000539000000,0x000000058675a7b8,0x000000058f380000)
 Metaspace       used 68105K, capacity 69543K, committed 69928K, reserved 1110016K
  class space    used 9457K, capacity 9865K, committed 10032K, reserved 1048576K
Event: 46424.223 GC heap after
Heap after GC invocations=30 (full 8):
 PSYoungGen      total 3085824K, used 0K [0x00000006e8580000, 0x00000007c0000000, 0x00000007c0000000)
  eden space 2833920K, 0% used [0x00000006e8580000,0x00000006e8580000,0x0000000795500000)
  from space 251904K, 0% used [0x00000007b0a00000,0x00000007b0a00000,0x00000007c0000000)
  to   space 349696K, 0% used [0x0000000795500000,0x0000000795500000,0x00000007aaa80000)
 ParOldGen       total 1011200K, used 575987K [0x0000000539000000, 0x0000000576b80000, 0x00000006e8580000)
  object space 1011200K, 56% used [0x0000000539000000,0x000000055c27ced0,0x0000000576b80000)
 Metaspace       used 68105K, capacity 69543K, committed 69928K, reserved 1110016K
  class space    used 9457K, capacity 9865K, committed 10032K, reserved 1048576K
}

