# JRE version: Java(TM) SE Runtime Environment (8.0_66-b17) (build 1.8.0_66-b17)
# Java VM: Java HotSpot(TM) 64-Bit Server VM (25.66-b17 mixed mode bsd-amd64 compressed oops)
Heap:
 PSYoungGen      total 423936K, used 128280K [0x00000006e8580000, 0x000000071af80000, 0x00000007c0000000)
  eden space 232960K, 1% used [0x00000006e8580000,0x00000006e8912bd8,0x00000006f6900000)
  from space 190976K, 65% used [0x0000000706c80000,0x000000070e633600,0x0000000712700000)
  to   space 265728K, 0% used [0x00000006f6900000,0x00000006f6900000,0x0000000706c80000)
 ParOldGen       total 702976K, used 433628K [0x0000000539000000, 0x0000000563e80000, 0x00000006e8580000)
  object space 702976K, 61% used [0x0000000539000000,0x00000005537771c8,0x0000000563e80000)
 Metaspace       used 64223K, capacity 65495K, committed 66456K, reserved 1105920K
  class space    used 9116K, capacity 9497K, committed 9904K, reserved 1048576K
GC Heap History (10 events):
Event: 45403.459 GC heap before
{Heap before GC invocations=21 (full 4):
 PSYoungGen      total 501248K, used 498597K [0x00000006e8580000, 0x0000000714d80000, 0x00000007c0000000)
  eden space 338432K, 100% used [0x00000006e8580000,0x00000006fd000000,0x00000006fd000000)
  from space 162816K, 98% used [0x0000000708800000,0x0000000712469420,0x0000000712700000)
  to   space 188416K, 0% used [0x00000006fd000000,0x00000006fd000000,0x0000000708800000)
 ParOldGen       total 421888K, used 316165K [0x0000000539000000, 0x0000000552c00000, 0x00000006e8580000)
  object space 421888K, 74% used [0x0000000539000000,0x000000054c4c14e8,0x0000000552c00000)
 Metaspace       used 63884K, capacity 65501K, committed 65688K, reserved 1105920K
  class space    used 9241K, capacity 9788K, committed 9904K, reserved 1048576K
Event: 45403.468 GC heap after
Heap after GC invocations=21 (full 4):
 PSYoungGen      total 365056K, used 37255K [0x00000006e8580000, 0x0000000712b80000, 0x00000007c0000000)
  eden space 327680K, 0% used [0x00000006e8580000,0x00000006e8580000,0x00000006fc580000)
  from space 37376K, 99% used [0x00000006fd000000,0x00000006ff461ef8,0x00000006ff480000)
  to   space 183296K, 0% used [0x0000000707880000,0x0000000707880000,0x0000000712b80000)
 ParOldGen       total 421888K, used 316173K [0x0000000539000000, 0x0000000552c00000, 0x00000006e8580000)
  object space 421888K, 74% used [0x0000000539000000,0x000000054c4c34e8,0x0000000552c00000)
 Metaspace       used 63884K, capacity 65501K, committed 65688K, reserved 1105920K
  class space    used 9241K, capacity 9788K, committed 9904K, reserved 1048576K
}
Event: 46360.271 GC heap before
{Heap before GC invocations=22 (full 4):
 PSYoungGen      total 365056K, used 364935K [0x00000006e8580000, 0x0000000712b80000, 0x00000007c0000000)
  eden space 327680K, 100% used [0x00000006e8580000,0x00000006fc580000,0x00000006fc580000)
  from space 37376K, 99% used [0x00000006fd000000,0x00000006ff461ef8,0x00000006ff480000)
  to   space 183296K, 0% used [0x0000000707880000,0x0000000707880000,0x0000000712b80000)
 ParOldGen       total 421888K, used 316173K [0x0000000539000000, 0x0000000552c00000, 0x00000006e8580000)
  object space 421888K, 74% used [0x0000000539000000,0x000000054c4c34e8,0x0000000552c00000)
 Metaspace       used 64013K, capacity 65629K, committed 65944K, reserved 1105920K
  class space    used 9241K, capacity 9788K, committed 9904K, reserved 1048576K
Event: 46360.340 GC heap after
Heap after GC invocations=22 (full 4):
 PSYoungGen      total 475136K, used 46510K [0x00000006e8580000, 0x0000000711280000, 0x00000007c0000000)
  eden space 317440K, 0% used [0x00000006e8580000,0x00000006e8580000,0x00000006fbb80000)
  from space 157696K, 29% used [0x0000000707880000,0x000000070a5ebb70,0x0000000711280000)
  to   space 175616K, 0% used [0x00000006fbb80000,0x00000006fbb80000,0x0000000706700000)
 ParOldGen       total 421888K, used 316181K [0x0000000539000000, 0x0000000552c00000, 0x00000006e8580000)
  object space 421888K, 74% used [0x0000000539000000,0x000000054c4c54e8,0x0000000552c00000)
 Metaspace       used 64013K, capacity 65629K, committed 65944K, reserved 1105920K
  class space    used 9241K, capacity 9788K, committed 9904K, reserved 1048576K
}
Event: 207126.620 GC heap before
{Heap before GC invocations=23 (full 4):
 PSYoungGen      total 475136K, used 363950K [0x00000006e8580000, 0x0000000711280000, 0x00000007c0000000)
  eden space 317440K, 100% used [0x00000006e8580000,0x00000006fbb80000,0x00000006fbb80000)
  from space 157696K, 29% used [0x0000000707880000,0x000000070a5ebb70,0x0000000711280000)
  to   space 175616K, 0% used [0x00000006fbb80000,0x00000006fbb80000,0x0000000706700000)
 ParOldGen       total 421888K, used 316181K [0x0000000539000000, 0x0000000552c00000, 0x00000006e8580000)
  object space 421888K, 74% used [0x0000000539000000,0x000000054c4c54e8,0x0000000552c00000)
 Metaspace       used 64489K, capacity 66077K, committed 66200K, reserved 1105920K
  class space    used 9264K, capacity 9788K, committed 9904K, reserved 1048576K
Event: 207126.926 GC heap after
Heap after GC invocations=23 (full 4):
 PSYoungGen      total 483328K, used 137629K [0x00000006e8580000, 0x0000000712700000, 0x00000007c0000000)
  eden space 307712K, 0% used [0x00000006e8580000,0x00000006e8580000,0x00000006fb200000)
  from space 175616K, 78% used [0x00000006fbb80000,0x00000007041e7448,0x0000000706700000)
  to   space 190976K, 0% used [0x0000000706c80000,0x0000000706c80000,0x0000000712700000)
 ParOldGen       total 421888K, used 316189K [0x0000000539000000, 0x0000000552c00000, 0x00000006e8580000)
  object space 421888K, 74% used [0x0000000539000000,0x000000054c4c74e8,0x0000000552c00000)
 Metaspace       used 64489K, capacity 66077K, committed 66200K, reserved 1105920K
  class space    used 9264K, capacity 9788K, committed 9904K, reserved 1048576K
}
Event: 207236.962 GC heap before
{Heap before GC invocations=24 (full 4):
 PSYoungGen      total 483328K, used 445277K [0x00000006e8580000, 0x0000000712700000, 0x00000007c0000000)
  eden space 307712K, 99% used [0x00000006e8580000,0x00000006fb1f0008,0x00000006fb200000)
  from space 175616K, 78% used [0x00000006fbb80000,0x00000007041e7448,0x0000000706700000)
  to   space 190976K, 0% used [0x0000000706c80000,0x0000000706c80000,0x0000000712700000)
 ParOldGen       total 421888K, used 316189K [0x0000000539000000, 0x0000000552c00000, 0x00000006e8580000)
  object space 421888K, 74% used [0x0000000539000000,0x000000054c4c74e8,0x0000000552c00000)
 Metaspace       used 64637K, capacity 66205K, committed 66456K, reserved 1105920K
  class space    used 9271K, capacity 9788K, committed 9904K, reserved 1048576K
Event: 207237.258 GC heap after
Heap after GC invocations=24 (full 4):
 PSYoungGen      total 423936K, used 190970K [0x00000006e8580000, 0x000000071af80000, 0x00000007c0000000)
  eden space 232960K, 0% used [0x00000006e8580000,0x00000006e8580000,0x00000006f6900000)
  from space 190976K, 99% used [0x0000000706c80000,0x00000007126febb8,0x0000000712700000)
  to   space 265728K, 0% used [0x00000006f6900000,0x00000006f6900000,0x0000000706c80000)
 ParOldGen       total 433664K, used 433200K [0x0000000539000000, 0x0000000553780000, 0x00000006e8580000)
  object space 433664K, 99% used [0x0000000539000000,0x000000055370c358,0x0000000553780000)
 Metaspace       used 64637K, capacity 66205K, committed 66456K, reserved 1105920K
  class space    used 9271K, capacity 9788K, committed 9904K, reserved 1048576K
}
Event: 207237.258 GC heap before
{Heap before GC invocations=25 (full 5):
 PSYoungGen      total 423936K, used 190970K [0x00000006e8580000, 0x000000071af80000, 0x00000007c0000000)
  eden space 232960K, 0% used [0x00000006e8580000,0x00000006e8580000,0x00000006f6900000)
  from space 190976K, 99% used [0x0000000706c80000,0x00000007126febb8,0x0000000712700000)
  to   space 265728K, 0% used [0x00000006f6900000,0x00000006f6900000,0x0000000706c80000)
 ParOldGen       total 433664K, used 433200K [0x0000000539000000, 0x0000000553780000, 0x00000006e8580000)
  object space 433664K, 99% used [0x0000000539000000,0x000000055370c358,0x0000000553780000)
 Metaspace       used 64637K, capacity 66205K, committed 66456K, reserved 1105920K
  class space    used 9271K, capacity 9788K, committed 9904K, reserved 1048576K
Event: 207238.421 GC heap after
Heap after GC invocations=25 (full 5):
 PSYoungGen      total 423936K, used 124621K [0x00000006e8580000, 0x000000071af80000, 0x00000007c0000000)
  eden space 232960K, 0% used [0x00000006e8580000,0x00000006e8580000,0x00000006f6900000)
  from space 190976K, 65% used [0x0000000706c80000,0x000000070e633600,0x0000000712700000)
  to   space 265728K, 0% used [0x00000006f6900000,0x00000006f6900000,0x0000000706c80000)
 ParOldGen       total 702976K, used 433628K [0x0000000539000000, 0x0000000563e80000, 0x00000006e8580000)
  object space 702976K, 61% used [0x0000000539000000,0x00000005537771c8,0x0000000563e80000)
 Metaspace       used 64223K, capacity 65495K, committed 66456K, reserved 1105920K
  class space    used 9116K, capacity 9497K, committed 9904K, reserved 1048576K
}

