# JRE version: Java(TM) SE Runtime Environment (8.0_66-b17) (build 1.8.0_66-b17)
# Java VM: Java HotSpot(TM) 64-Bit Server VM (25.66-b17 mixed mode bsd-amd64 )
Heap:
 PSYoungGen      total 387584K, used 100041K [0x000000079fb00000, 0x00000007bea00000, 0x0000000ae1000000)
  eden space 357376K, 19% used [0x000000079fb00000,0x00000007a3f71b88,0x00000007b5800000)
  from space 30208K, 99% used [0x00000007bcc80000,0x00000007be9c0a78,0x00000007bea00000)
  to   space 35328K, 0% used [0x00000007ba500000,0x00000007ba500000,0x00000007bc780000)
 ParOldGen       total 175616K, used 24532K [0x000000011d000000, 0x0000000127b80000, 0x000000079fb00000)
  object space 175616K, 13% used [0x000000011d000000,0x000000011e7f50e0,0x0000000127b80000)
 Metaspace       used 54149K, capacity 57130K, committed 57344K, reserved 57344K
GC Heap History (10 events):
Event: 3.948 GC heap before
{Heap before GC invocations=6 (full 0):
 PSYoungGen      total 141824K, used 135783K [0x000000079fb00000, 0x00000007b3d00000, 0x0000000ae1000000)
  eden space 131072K, 95% used [0x000000079fb00000,0x00000007a751a420,0x00000007a7b00000)
  from space 10752K, 99% used [0x00000007a7b00000,0x00000007a857f8a8,0x00000007a8580000)
  to   space 33792K, 0% used [0x00000007b1c00000,0x00000007b1c00000,0x00000007b3d00000)
 ParOldGen       total 175104K, used 39097K [0x000000011d000000, 0x0000000127b00000, 0x000000079fb00000)
  object space 175104K, 22% used [0x000000011d000000,0x000000011f62e798,0x0000000127b00000)
 Metaspace       used 20798K, capacity 21111K, committed 21248K, reserved 22528K
Event: 3.962 GC heap after
Heap after GC invocations=6 (full 0):
 PSYoungGen      total 292864K, used 13996K [0x000000079fb00000, 0x00000007b3a00000, 0x0000000ae1000000)
  eden space 262144K, 0% used [0x000000079fb00000,0x000000079fb00000,0x00000007afb00000)
  from space 30720K, 45% used [0x00000007b1c00000,0x00000007b29ab178,0x00000007b3a00000)
  to   space 32256K, 0% used [0x00000007afb00000,0x00000007afb00000,0x00000007b1a80000)
 ParOldGen       total 175104K, used 39105K [0x000000011d000000, 0x0000000127b00000, 0x000000079fb00000)
  object space 175104K, 22% used [0x000000011d000000,0x000000011f630798,0x0000000127b00000)
 Metaspace       used 20798K, capacity 21111K, committed 21248K, reserved 22528K
}
Event: 3.962 GC heap before
{Heap before GC invocations=7 (full 1):
 PSYoungGen      total 292864K, used 13996K [0x000000079fb00000, 0x00000007b3a00000, 0x0000000ae1000000)
  eden space 262144K, 0% used [0x000000079fb00000,0x000000079fb00000,0x00000007afb00000)
  from space 30720K, 45% used [0x00000007b1c00000,0x00000007b29ab178,0x00000007b3a00000)
  to   space 32256K, 0% used [0x00000007afb00000,0x00000007afb00000,0x00000007b1a80000)
 ParOldGen       total 175104K, used 39105K [0x000000011d000000, 0x0000000127b00000, 0x000000079fb00000)
  object space 175104K, 22% used [0x000000011d000000,0x000000011f630798,0x0000000127b00000)
 Metaspace       used 20798K, capacity 21111K, committed 21248K, reserved 22528K
Event: 4.001 GC heap after
Heap after GC invocations=7 (full 1):
 PSYoungGen      total 292864K, used 0K [0x000000079fb00000, 0x00000007b3a00000, 0x0000000ae1000000)
  eden space 262144K, 0% used [0x000000079fb00000,0x000000079fb00000,0x00000007afb00000)
  from space 30720K, 0% used [0x00000007b1c00000,0x00000007b1c00000,0x00000007b3a00000)
  to   space 32256K, 0% used [0x00000007afb00000,0x00000007afb00000,0x00000007b1a80000)
 ParOldGen       total 118272K, used 13827K [0x000000011d000000, 0x0000000124380000, 0x000000079fb00000)
  object space 118272K, 11% used [0x000000011d000000,0x000000011dd80f58,0x0000000124380000)
 Metaspace       used 20798K, capacity 21111K, committed 21248K, reserved 22528K
}
Event: 5.200 GC heap before
{Heap before GC invocations=8 (full 1):
 PSYoungGen      total 292864K, used 84639K [0x000000079fb00000, 0x00000007b3a00000, 0x0000000ae1000000)
  eden space 262144K, 32% used [0x000000079fb00000,0x00000007a4da7f88,0x00000007afb00000)
  from space 30720K, 0% used [0x00000007b1c00000,0x00000007b1c00000,0x00000007b3a00000)
  to   space 32256K, 0% used [0x00000007afb00000,0x00000007afb00000,0x00000007b1a80000)
 ParOldGen       total 118272K, used 13827K [0x000000011d000000, 0x0000000124380000, 0x000000079fb00000)
  object space 118272K, 11% used [0x000000011d000000,0x000000011dd80f58,0x0000000124380000)
 Metaspace       used 33311K, capacity 35383K, committed 35416K, reserved 36864K
Event: 5.210 GC heap after
Heap after GC invocations=8 (full 1):
 PSYoungGen      total 294400K, used 12374K [0x000000079fb00000, 0x00000007beb00000, 0x0000000ae1000000)
  eden space 262144K, 0% used [0x000000079fb00000,0x000000079fb00000,0x00000007afb00000)
  from space 32256K, 38% used [0x00000007afb00000,0x00000007b0715ab8,0x00000007b1a80000)
  to   space 31232K, 0% used [0x00000007bcc80000,0x00000007bcc80000,0x00000007beb00000)
 ParOldGen       total 118272K, used 13843K [0x000000011d000000, 0x0000000124380000, 0x000000079fb00000)
  object space 118272K, 11% used [0x000000011d000000,0x000000011dd84f58,0x0000000124380000)
 Metaspace       used 33311K, capacity 35383K, committed 35416K, reserved 36864K
}
Event: 5.210 GC heap before
{Heap before GC invocations=9 (full 2):
 PSYoungGen      total 294400K, used 12374K [0x000000079fb00000, 0x00000007beb00000, 0x0000000ae1000000)
  eden space 262144K, 0% used [0x000000079fb00000,0x000000079fb00000,0x00000007afb00000)
  from space 32256K, 38% used [0x00000007afb00000,0x00000007b0715ab8,0x00000007b1a80000)
  to   space 31232K, 0% used [0x00000007bcc80000,0x00000007bcc80000,0x00000007beb00000)
 ParOldGen       total 118272K, used 13843K [0x000000011d000000, 0x0000000124380000, 0x000000079fb00000)
  object space 118272K, 11% used [0x000000011d000000,0x000000011dd84f58,0x0000000124380000)
 Metaspace       used 33311K, capacity 35383K, committed 35416K, reserved 36864K
Event: 5.275 GC heap after
Heap after GC invocations=9 (full 2):
 PSYoungGen      total 294400K, used 0K [0x000000079fb00000, 0x00000007beb00000, 0x0000000ae1000000)
  eden space 262144K, 0% used [0x000000079fb00000,0x000000079fb00000,0x00000007afb00000)
  from space 32256K, 0% used [0x00000007afb00000,0x00000007afb00000,0x00000007b1a80000)
  to   space 31232K, 0% used [0x00000007bcc80000,0x00000007bcc80000,0x00000007beb00000)
 ParOldGen       total 175616K, used 24460K [0x000000011d000000, 0x0000000127b80000, 0x000000079fb00000)
  object space 175616K, 13% used [0x000000011d000000,0x000000011e7e30c8,0x0000000127b80000)
 Metaspace       used 33311K, capacity 35383K, committed 35416K, reserved 36864K
}
Event: 136635.307 GC heap before
{Heap before GC invocations=10 (full 2):
 PSYoungGen      total 294400K, used 261935K [0x000000079fb00000, 0x00000007beb00000, 0x0000000ae1000000)
  eden space 262144K, 99% used [0x000000079fb00000,0x00000007afacbc30,0x00000007afb00000)
  from space 32256K, 0% used [0x00000007afb00000,0x00000007afb00000,0x00000007b1a80000)
  to   space 31232K, 0% used [0x00000007bcc80000,0x00000007bcc80000,0x00000007beb00000)
 ParOldGen       total 175616K, used 24460K [0x000000011d000000, 0x0000000127b80000, 0x000000079fb00000)
  object space 175616K, 13% used [0x000000011d000000,0x000000011e7e30c8,0x0000000127b80000)
 Metaspace       used 54134K, capacity 57105K, committed 57344K, reserved 57344K
Event: 136635.452 GC heap after
Heap after GC invocations=10 (full 2):
 PSYoungGen      total 387584K, used 29954K [0x000000079fb00000, 0x00000007bea00000, 0x0000000ae1000000)
  eden space 357376K, 0% used [0x000000079fb00000,0x000000079fb00000,0x00000007b5800000)
  from space 30208K, 99% used [0x00000007bcc80000,0x00000007be9c0a78,0x00000007bea00000)
  to   space 35328K, 0% used [0x00000007ba500000,0x00000007ba500000,0x00000007bc780000)
 ParOldGen       total 175616K, used 24532K [0x000000011d000000, 0x0000000127b80000, 0x000000079fb00000)
  object space 175616K, 13% used [0x000000011d000000,0x000000011e7f50e0,0x0000000127b80000)
 Metaspace       used 54134K, capacity 57105K, committed 57344K, reserved 57344K
}

