# JRE version: Java(TM) SE Runtime Environment (8.0_66-b17) (build 1.8.0_66-b17)
# Java VM: Java HotSpot(TM) 64-Bit Server VM (25.66-b17 mixed mode bsd-amd64 )
Heap:
 PSYoungGen      total 464384K, used 16692K [0x0000000795300000, 0x00000007b5d80000, 0x0000000ad6800000)
  eden space 429056K, 3% used [0x0000000795300000,0x000000079634d0f0,0x00000007af600000)
  from space 35328K, 0% used [0x00000007af600000,0x00000007af600000,0x00000007b1880000)
  to   space 34304K, 0% used [0x00000007b3c00000,0x00000007b3c00000,0x00000007b5d80000)
 ParOldGen       total 214016K, used 28968K [0x0000000112800000, 0x000000011f900000, 0x0000000795300000)
  object space 214016K, 13% used [0x0000000112800000,0x000000011444a2c0,0x000000011f900000)
 Metaspace       used 55324K, capacity 57310K, committed 59028K, reserved 59392K
GC Heap History (10 events):
Event: 5.250 GC heap before
{Heap before GC invocations=8 (full 1):
 PSYoungGen      total 292352K, used 82002K [0x0000000795300000, 0x00000007a9200000, 0x0000000ad6800000)
  eden space 262144K, 31% used [0x0000000795300000,0x000000079a314800,0x00000007a5300000)
  from space 30208K, 0% used [0x00000007a7480000,0x00000007a7480000,0x00000007a9200000)
  to   space 32256K, 0% used [0x00000007a5300000,0x00000007a5300000,0x00000007a7280000)
 ParOldGen       total 119808K, used 13820K [0x0000000112800000, 0x0000000119d00000, 0x0000000795300000)
  object space 119808K, 11% used [0x0000000112800000,0x000000011357f060,0x0000000119d00000)
 Metaspace       used 33253K, capacity 35398K, committed 35416K, reserved 36864K
Event: 5.258 GC heap after
Heap after GC invocations=8 (full 1):
 PSYoungGen      total 294400K, used 12070K [0x0000000795300000, 0x00000007b3d80000, 0x0000000ad6800000)
  eden space 262144K, 0% used [0x0000000795300000,0x0000000795300000,0x00000007a5300000)
  from space 32256K, 37% used [0x00000007a5300000,0x00000007a5ec9be0,0x00000007a7280000)
  to   space 31744K, 0% used [0x00000007b1e80000,0x00000007b1e80000,0x00000007b3d80000)
 ParOldGen       total 119808K, used 13836K [0x0000000112800000, 0x0000000119d00000, 0x0000000795300000)
  object space 119808K, 11% used [0x0000000112800000,0x0000000113583060,0x0000000119d00000)
 Metaspace       used 33253K, capacity 35398K, committed 35416K, reserved 36864K
}
Event: 5.259 GC heap before
{Heap before GC invocations=9 (full 2):
 PSYoungGen      total 294400K, used 12070K [0x0000000795300000, 0x00000007b3d80000, 0x0000000ad6800000)
  eden space 262144K, 0% used [0x0000000795300000,0x0000000795300000,0x00000007a5300000)
  from space 32256K, 37% used [0x00000007a5300000,0x00000007a5ec9be0,0x00000007a7280000)
  to   space 31744K, 0% used [0x00000007b1e80000,0x00000007b1e80000,0x00000007b3d80000)
 ParOldGen       total 119808K, used 13836K [0x0000000112800000, 0x0000000119d00000, 0x0000000795300000)
  object space 119808K, 11% used [0x0000000112800000,0x0000000113583060,0x0000000119d00000)
 Metaspace       used 33253K, capacity 35398K, committed 35416K, reserved 36864K
Event: 5.291 GC heap after
Heap after GC invocations=9 (full 2):
 PSYoungGen      total 294400K, used 0K [0x0000000795300000, 0x00000007b3d80000, 0x0000000ad6800000)
  eden space 262144K, 0% used [0x0000000795300000,0x0000000795300000,0x00000007a5300000)
  from space 32256K, 0% used [0x00000007a5300000,0x00000007a5300000,0x00000007a7280000)
  to   space 31744K, 0% used [0x00000007b1e80000,0x00000007b1e80000,0x00000007b3d80000)
 ParOldGen       total 171008K, used 24362K [0x0000000112800000, 0x000000011cf00000, 0x0000000795300000)
  object space 171008K, 14% used [0x0000000112800000,0x0000000113fca870,0x000000011cf00000)
 Metaspace       used 33253K, capacity 35398K, committed 35416K, reserved 36864K
}
Event: 19.009 GC heap before
{Heap before GC invocations=10 (full 2):
 PSYoungGen      total 294400K, used 261253K [0x0000000795300000, 0x00000007b3d80000, 0x0000000ad6800000)
  eden space 262144K, 99% used [0x0000000795300000,0x00000007a52217d8,0x00000007a5300000)
  from space 32256K, 0% used [0x00000007a5300000,0x00000007a5300000,0x00000007a7280000)
  to   space 31744K, 0% used [0x00000007b1e80000,0x00000007b1e80000,0x00000007b3d80000)
 ParOldGen       total 171008K, used 24362K [0x0000000112800000, 0x000000011cf00000, 0x0000000795300000)
  object space 171008K, 14% used [0x0000000112800000,0x0000000113fca870,0x000000011cf00000)
 Metaspace       used 55030K, capacity 58011K, committed 58368K, reserved 59392K
Event: 19.028 GC heap after
Heap after GC invocations=10 (full 2):
 PSYoungGen      total 409088K, used 28936K [0x0000000795300000, 0x00000007b3b00000, 0x0000000ad6800000)
  eden space 379904K, 0% used [0x0000000795300000,0x0000000795300000,0x00000007ac600000)
  from space 29184K, 99% used [0x00000007b1e80000,0x00000007b3ac21e0,0x00000007b3b00000)
  to   space 35328K, 0% used [0x00000007af600000,0x00000007af600000,0x00000007b1880000)
 ParOldGen       total 171008K, used 24434K [0x0000000112800000, 0x000000011cf00000, 0x0000000795300000)
  object space 171008K, 14% used [0x0000000112800000,0x0000000113fdc888,0x000000011cf00000)
 Metaspace       used 55030K, capacity 58011K, committed 58368K, reserved 59392K
}
Event: 67038.122 GC heap before
{Heap before GC invocations=11 (full 2):
 PSYoungGen      total 409088K, used 128980K [0x0000000795300000, 0x00000007b3b00000, 0x0000000ad6800000)
  eden space 379904K, 26% used [0x0000000795300000,0x000000079b4b2e60,0x00000007ac600000)
  from space 29184K, 99% used [0x00000007b1e80000,0x00000007b3ac21e0,0x00000007b3b00000)
  to   space 35328K, 0% used [0x00000007af600000,0x00000007af600000,0x00000007b1880000)
 ParOldGen       total 171008K, used 24434K [0x0000000112800000, 0x000000011cf00000, 0x0000000795300000)
  object space 171008K, 14% used [0x0000000112800000,0x0000000113fdc888,0x000000011cf00000)
 Metaspace       used 55873K, capacity 58848K, committed 59028K, reserved 59392K
Event: 67038.226 GC heap after
Heap after GC invocations=11 (full 2):
 PSYoungGen      total 464384K, used 20985K [0x0000000795300000, 0x00000007b5d80000, 0x0000000ad6800000)
  eden space 429056K, 0% used [0x0000000795300000,0x0000000795300000,0x00000007af600000)
  from space 35328K, 59% used [0x00000007af600000,0x00000007b0a7e750,0x00000007b1880000)
  to   space 34304K, 0% used [0x00000007b3c00000,0x00000007b3c00000,0x00000007b5d80000)
 ParOldGen       total 171008K, used 24442K [0x0000000112800000, 0x000000011cf00000, 0x0000000795300000)
  object space 171008K, 14% used [0x0000000112800000,0x0000000113fde888,0x000000011cf00000)
 Metaspace       used 55873K, capacity 58848K, committed 59028K, reserved 59392K
}
Event: 67038.226 GC heap before
{Heap before GC invocations=12 (full 3):
 PSYoungGen      total 464384K, used 20985K [0x0000000795300000, 0x00000007b5d80000, 0x0000000ad6800000)
  eden space 429056K, 0% used [0x0000000795300000,0x0000000795300000,0x00000007af600000)
  from space 35328K, 59% used [0x00000007af600000,0x00000007b0a7e750,0x00000007b1880000)
  to   space 34304K, 0% used [0x00000007b3c00000,0x00000007b3c00000,0x00000007b5d80000)
 ParOldGen       total 171008K, used 24442K [0x0000000112800000, 0x000000011cf00000, 0x0000000795300000)
  object space 171008K, 14% used [0x0000000112800000,0x0000000113fde888,0x000000011cf00000)
 Metaspace       used 55873K, capacity 58848K, committed 59028K, reserved 59392K
Event: 67038.439 GC heap after
Heap after GC invocations=12 (full 3):
 PSYoungGen      total 464384K, used 0K [0x0000000795300000, 0x00000007b5d80000, 0x0000000ad6800000)
  eden space 429056K, 0% used [0x0000000795300000,0x0000000795300000,0x00000007af600000)
  from space 35328K, 0% used [0x00000007af600000,0x00000007af600000,0x00000007b1880000)
  to   space 34304K, 0% used [0x00000007b3c00000,0x00000007b3c00000,0x00000007b5d80000)
 ParOldGen       total 214016K, used 28968K [0x0000000112800000, 0x000000011f900000, 0x0000000795300000)
  object space 214016K, 13% used [0x0000000112800000,0x000000011444a2c0,0x000000011f900000)
 Metaspace       used 55323K, capacity 57310K, committed 59028K, reserved 59392K
}

