# JRE version: Java(TM) SE Runtime Environment (8.0_66-b17) (build 1.8.0_66-b17)
# Java VM: Java HotSpot(TM) 64-Bit Server VM (25.66-b17 mixed mode bsd-amd64 )
Heap:
 PSYoungGen      total 432640K, used 12315K [0x00000007a4300000, 0x00000007c1680000, 0x0000000ae5800000)
  eden space 410112K, 3% used [0x00000007a4300000,0x00000007a4f06d70,0x00000007bd380000)
  from space 22528K, 0% used [0x00000007be880000,0x00000007be880000,0x00000007bfe80000)
  to   space 24576K, 0% used [0x00000007bfe80000,0x00000007bfe80000,0x00000007c1680000)
 ParOldGen       total 232960K, used 27823K [0x0000000121800000, 0x000000012fb80000, 0x00000007a4300000)
  object space 232960K, 11% used [0x0000000121800000,0x000000012332bf78,0x000000012fb80000)
 Metaspace       used 55479K, capacity 57457K, committed 59028K, reserved 59392K
GC Heap History (10 events):
Event: 4.525 GC heap before
{Heap before GC invocations=8 (full 1):
 PSYoungGen      total 293376K, used 84607K [0x00000007a4300000, 0x00000007b8300000, 0x0000000ae5800000)
  eden space 262144K, 32% used [0x00000007a4300000,0x00000007a959fc50,0x00000007b4300000)
  from space 31232K, 0% used [0x00000007b6480000,0x00000007b6480000,0x00000007b8300000)
  to   space 32768K, 0% used [0x00000007b4300000,0x00000007b4300000,0x00000007b6300000)
 ParOldGen       total 119296K, used 13831K [0x0000000121800000, 0x0000000128c80000, 0x00000007a4300000)
  object space 119296K, 11% used [0x0000000121800000,0x0000000122581c98,0x0000000128c80000)
 Metaspace       used 33286K, capacity 35414K, committed 35416K, reserved 36864K
Event: 4.534 GC heap after
Heap after GC invocations=8 (full 1):
 PSYoungGen      total 294912K, used 12224K [0x00000007a4300000, 0x00000007c3000000, 0x0000000ae5800000)
  eden space 262144K, 0% used [0x00000007a4300000,0x00000007a4300000,0x00000007b4300000)
  from space 32768K, 37% used [0x00000007b4300000,0x00000007b4ef0120,0x00000007b6300000)
  to   space 31744K, 0% used [0x00000007c1100000,0x00000007c1100000,0x00000007c3000000)
 ParOldGen       total 119296K, used 13839K [0x0000000121800000, 0x0000000128c80000, 0x00000007a4300000)
  object space 119296K, 11% used [0x0000000121800000,0x0000000122583c98,0x0000000128c80000)
 Metaspace       used 33286K, capacity 35414K, committed 35416K, reserved 36864K
}
Event: 4.534 GC heap before
{Heap before GC invocations=9 (full 2):
 PSYoungGen      total 294912K, used 12224K [0x00000007a4300000, 0x00000007c3000000, 0x0000000ae5800000)
  eden space 262144K, 0% used [0x00000007a4300000,0x00000007a4300000,0x00000007b4300000)
  from space 32768K, 37% used [0x00000007b4300000,0x00000007b4ef0120,0x00000007b6300000)
  to   space 31744K, 0% used [0x00000007c1100000,0x00000007c1100000,0x00000007c3000000)
 ParOldGen       total 119296K, used 13839K [0x0000000121800000, 0x0000000128c80000, 0x00000007a4300000)
  object space 119296K, 11% used [0x0000000121800000,0x0000000122583c98,0x0000000128c80000)
 Metaspace       used 33286K, capacity 35414K, committed 35416K, reserved 36864K
Event: 4.592 GC heap after
Heap after GC invocations=9 (full 2):
 PSYoungGen      total 294912K, used 0K [0x00000007a4300000, 0x00000007c3000000, 0x0000000ae5800000)
  eden space 262144K, 0% used [0x00000007a4300000,0x00000007a4300000,0x00000007b4300000)
  from space 32768K, 0% used [0x00000007b4300000,0x00000007b4300000,0x00000007b6300000)
  to   space 31744K, 0% used [0x00000007c1100000,0x00000007c1100000,0x00000007c3000000)
 ParOldGen       total 179200K, used 24360K [0x0000000121800000, 0x000000012c700000, 0x00000007a4300000)
  object space 179200K, 13% used [0x0000000121800000,0x0000000122fca100,0x000000012c700000)
 Metaspace       used 33286K, capacity 35414K, committed 35416K, reserved 36864K
}
Event: 69.554 GC heap before
{Heap before GC invocations=10 (full 2):
 PSYoungGen      total 294912K, used 262144K [0x00000007a4300000, 0x00000007c3000000, 0x0000000ae5800000)
  eden space 262144K, 100% used [0x00000007a4300000,0x00000007b4300000,0x00000007b4300000)
  from space 32768K, 0% used [0x00000007b4300000,0x00000007b4300000,0x00000007b6300000)
  to   space 31744K, 0% used [0x00000007c1100000,0x00000007c1100000,0x00000007c3000000)
 ParOldGen       total 179200K, used 24360K [0x0000000121800000, 0x000000012c700000, 0x00000007a4300000)
  object space 179200K, 13% used [0x0000000121800000,0x0000000122fca100,0x000000012c700000)
 Metaspace       used 54893K, capacity 57818K, committed 58112K, reserved 59392K
Event: 69.572 GC heap after
Heap after GC invocations=10 (full 2):
 PSYoungGen      total 379392K, used 27724K [0x00000007a4300000, 0x00000007c2c80000, 0x0000000ae5800000)
  eden space 351232K, 0% used [0x00000007a4300000,0x00000007a4300000,0x00000007b9a00000)
  from space 28160K, 98% used [0x00000007c1100000,0x00000007c2c130c8,0x00000007c2c80000)
  to   space 34816K, 0% used [0x00000007be880000,0x00000007be880000,0x00000007c0a80000)
 ParOldGen       total 179200K, used 24432K [0x0000000121800000, 0x000000012c700000, 0x00000007a4300000)
  object space 179200K, 13% used [0x0000000121800000,0x0000000122fdc118,0x000000012c700000)
 Metaspace       used 54893K, capacity 57818K, committed 58112K, reserved 59392K
}
Event: 56540.215 GC heap before
{Heap before GC invocations=11 (full 2):
 PSYoungGen      total 379392K, used 72223K [0x00000007a4300000, 0x00000007c2c80000, 0x0000000ae5800000)
  eden space 351232K, 12% used [0x00000007a4300000,0x00000007a6e74e08,0x00000007b9a00000)
  from space 28160K, 98% used [0x00000007c1100000,0x00000007c2c130c8,0x00000007c2c80000)
  to   space 34816K, 0% used [0x00000007be880000,0x00000007be880000,0x00000007c0a80000)
 ParOldGen       total 179200K, used 24432K [0x0000000121800000, 0x000000012c700000, 0x00000007a4300000)
  object space 179200K, 13% used [0x0000000121800000,0x0000000122fdc118,0x000000012c700000)
 Metaspace       used 56030K, capacity 58936K, committed 59028K, reserved 59392K
Event: 56540.294 GC heap after
Heap after GC invocations=11 (full 2):
 PSYoungGen      total 432640K, used 22081K [0x00000007a4300000, 0x00000007c1680000, 0x0000000ae5800000)
  eden space 410112K, 0% used [0x00000007a4300000,0x00000007a4300000,0x00000007bd380000)
  from space 22528K, 98% used [0x00000007be880000,0x00000007bfe105e0,0x00000007bfe80000)
  to   space 24576K, 0% used [0x00000007bfe80000,0x00000007bfe80000,0x00000007c1680000)
 ParOldGen       total 179200K, used 24440K [0x0000000121800000, 0x000000012c700000, 0x00000007a4300000)
  object space 179200K, 13% used [0x0000000121800000,0x0000000122fde118,0x000000012c700000)
 Metaspace       used 56030K, capacity 58936K, committed 59028K, reserved 59392K
}
Event: 56540.294 GC heap before
{Heap before GC invocations=12 (full 3):
 PSYoungGen      total 432640K, used 22081K [0x00000007a4300000, 0x00000007c1680000, 0x0000000ae5800000)
  eden space 410112K, 0% used [0x00000007a4300000,0x00000007a4300000,0x00000007bd380000)
  from space 22528K, 98% used [0x00000007be880000,0x00000007bfe105e0,0x00000007bfe80000)
  to   space 24576K, 0% used [0x00000007bfe80000,0x00000007bfe80000,0x00000007c1680000)
 ParOldGen       total 179200K, used 24440K [0x0000000121800000, 0x000000012c700000, 0x00000007a4300000)
  object space 179200K, 13% used [0x0000000121800000,0x0000000122fde118,0x000000012c700000)
 Metaspace       used 56030K, capacity 58936K, committed 59028K, reserved 59392K
Event: 56540.484 GC heap after
Heap after GC invocations=12 (full 3):
 PSYoungGen      total 432640K, used 0K [0x00000007a4300000, 0x00000007c1680000, 0x0000000ae5800000)
  eden space 410112K, 0% used [0x00000007a4300000,0x00000007a4300000,0x00000007bd380000)
  from space 22528K, 0% used [0x00000007be880000,0x00000007be880000,0x00000007bfe80000)
  to   space 24576K, 0% used [0x00000007bfe80000,0x00000007bfe80000,0x00000007c1680000)
 ParOldGen       total 232960K, used 27823K [0x0000000121800000, 0x000000012fb80000, 0x00000007a4300000)
  object space 232960K, 11% used [0x0000000121800000,0x000000012332bf78,0x000000012fb80000)
 Metaspace       used 55477K, capacity 57393K, committed 59028K, reserved 59392K
}

