# JRE version: Java(TM) SE Runtime Environment (8.0_66-b17) (build 1.8.0_66-b17)
# Java VM: Java HotSpot(TM) 64-Bit Server VM (25.66-b17 mixed mode bsd-amd64 compressed oops)
Heap:
 PSYoungGen      total 199168K, used 40854K [0x00000006e8580000, 0x00000006f9f80000, 0x00000007c0000000)
  eden space 172032K, 7% used [0x00000006e8580000,0x00000006e92ea378,0x00000006f2d80000)
  from space 27136K, 99% used [0x00000006f4300000,0x00000006f5d7b610,0x00000006f5d80000)
  to   space 58368K, 0% used [0x00000006f6680000,0x00000006f6680000,0x00000006f9f80000)
 ParOldGen       total 148480K, used 94915K [0x0000000539000000, 0x0000000542100000, 0x00000006e8580000)
  object space 148480K, 63% used [0x0000000539000000,0x000000053ecb0ce8,0x0000000542100000)
 Metaspace       used 54178K, capacity 55311K, committed 55592K, reserved 1095680K
  class space    used 8252K, capacity 8671K, committed 8752K, reserved 1048576K
GC Heap History (10 events):
Event: 14.032 GC heap before
{Heap before GC invocations=9 (full 2):
 PSYoungGen      total 156160K, used 11473K [0x00000006e8580000, 0x00000006f9a80000, 0x00000007c0000000)
  eden space 127488K, 0% used [0x00000006e8580000,0x00000006e8580000,0x00000006f0200000)
  from space 28672K, 40% used [0x00000006f0200000,0x00000006f0d34790,0x00000006f1e00000)
  to   space 28160K, 0% used [0x00000006f7f00000,0x00000006f7f00000,0x00000006f9a80000)
 ParOldGen       total 101376K, used 9810K [0x0000000539000000, 0x000000053f300000, 0x00000006e8580000)
  object space 101376K, 9% used [0x0000000539000000,0x0000000539994860,0x000000053f300000)
 Metaspace       used 34381K, capacity 35322K, committed 35496K, reserved 1079296K
  class space    used 5335K, capacity 5753K, committed 5808K, reserved 1048576K
Event: 14.080 GC heap after
Heap after GC invocations=9 (full 2):
 PSYoungGen      total 156160K, used 0K [0x00000006e8580000, 0x00000006f9a80000, 0x00000007c0000000)
  eden space 127488K, 0% used [0x00000006e8580000,0x00000006e8580000,0x00000006f0200000)
  from space 28672K, 0% used [0x00000006f0200000,0x00000006f0200000,0x00000006f1e00000)
  to   space 28160K, 0% used [0x00000006f7f00000,0x00000006f7f00000,0x00000006f9a80000)
 ParOldGen       total 148480K, used 19245K [0x0000000539000000, 0x0000000542100000, 0x00000006e8580000)
  object space 148480K, 12% used [0x0000000539000000,0x000000053a2cb4d0,0x0000000542100000)
 Metaspace       used 34334K, capacity 35228K, committed 35496K, reserved 1079296K
  class space    used 5331K, capacity 5747K, committed 5808K, reserved 1048576K
}
Event: 16.144 GC heap before
{Heap before GC invocations=10 (full 2):
 PSYoungGen      total 156160K, used 127477K [0x00000006e8580000, 0x00000006f9a80000, 0x00000007c0000000)
  eden space 127488K, 99% used [0x00000006e8580000,0x00000006f01fd730,0x00000006f0200000)
  from space 28672K, 0% used [0x00000006f0200000,0x00000006f0200000,0x00000006f1e00000)
  to   space 28160K, 0% used [0x00000006f7f00000,0x00000006f7f00000,0x00000006f9a80000)
 ParOldGen       total 148480K, used 19245K [0x0000000539000000, 0x0000000542100000, 0x00000006e8580000)
  object space 148480K, 12% used [0x0000000539000000,0x000000053a2cb4d0,0x0000000542100000)
 Metaspace       used 45769K, capacity 46840K, committed 47144K, reserved 1089536K
  class space    used 7048K, capacity 7457K, committed 7472K, reserved 1048576K
Event: 16.154 GC heap after
Heap after GC invocations=10 (full 2):
 PSYoungGen      total 199680K, used 11447K [0x00000006e8580000, 0x00000006f8a80000, 0x00000007c0000000)
  eden space 187904K, 0% used [0x00000006e8580000,0x00000006e8580000,0x00000006f3d00000)
  from space 11776K, 97% used [0x00000006f7f00000,0x00000006f8a2dde8,0x00000006f8a80000)
  to   space 27648K, 0% used [0x00000006f5480000,0x00000006f5480000,0x00000006f6f80000)
 ParOldGen       total 148480K, used 19317K [0x0000000539000000, 0x0000000542100000, 0x00000006e8580000)
  object space 148480K, 13% used [0x0000000539000000,0x000000053a2dd4e0,0x0000000542100000)
 Metaspace       used 45769K, capacity 46840K, committed 47144K, reserved 1089536K
  class space    used 7048K, capacity 7457K, committed 7472K, reserved 1048576K
}
Event: 17610.105 GC heap before
{Heap before GC invocations=11 (full 2):
 PSYoungGen      total 199680K, used 199351K [0x00000006e8580000, 0x00000006f8a80000, 0x00000007c0000000)
  eden space 187904K, 100% used [0x00000006e8580000,0x00000006f3d00000,0x00000006f3d00000)
  from space 11776K, 97% used [0x00000006f7f00000,0x00000006f8a2dde8,0x00000006f8a80000)
  to   space 27648K, 0% used [0x00000006f5480000,0x00000006f5480000,0x00000006f6f80000)
 ParOldGen       total 148480K, used 19317K [0x0000000539000000, 0x0000000542100000, 0x00000006e8580000)
  object space 148480K, 13% used [0x0000000539000000,0x000000053a2dd4e0,0x0000000542100000)
 Metaspace       used 53197K, capacity 54363K, committed 54824K, reserved 1095680K
  class space    used 8188K, capacity 8635K, committed 8752K, reserved 1048576K
Event: 17610.117 GC heap after
Heap after GC invocations=11 (full 2):
 PSYoungGen      total 202752K, used 20148K [0x00000006e8580000, 0x00000006f7f80000, 0x00000007c0000000)
  eden space 182272K, 0% used [0x00000006e8580000,0x00000006e8580000,0x00000006f3780000)
  from space 20480K, 98% used [0x00000006f5480000,0x00000006f682d070,0x00000006f6880000)
  to   space 23552K, 0% used [0x00000006f6880000,0x00000006f6880000,0x00000006f7f80000)
 ParOldGen       total 148480K, used 19325K [0x0000000539000000, 0x0000000542100000, 0x00000006e8580000)
  object space 148480K, 13% used [0x0000000539000000,0x000000053a2df4e0,0x0000000542100000)
 Metaspace       used 53197K, capacity 54363K, committed 54824K, reserved 1095680K
  class space    used 8188K, capacity 8635K, committed 8752K, reserved 1048576K
}
Event: 21402.489 GC heap before
{Heap before GC invocations=12 (full 2):
 PSYoungGen      total 202752K, used 202420K [0x00000006e8580000, 0x00000006f7f80000, 0x00000007c0000000)
  eden space 182272K, 100% used [0x00000006e8580000,0x00000006f3780000,0x00000006f3780000)
  from space 20480K, 98% used [0x00000006f5480000,0x00000006f682d070,0x00000006f6880000)
  to   space 23552K, 0% used [0x00000006f6880000,0x00000006f6880000,0x00000006f7f80000)
 ParOldGen       total 148480K, used 19325K [0x0000000539000000, 0x0000000542100000, 0x00000006e8580000)
  object space 148480K, 13% used [0x0000000539000000,0x000000053a2df4e0,0x0000000542100000)
 Metaspace       used 53200K, capacity 54363K, committed 54824K, reserved 1095680K
  class space    used 8189K, capacity 8635K, committed 8752K, reserved 1048576K
Event: 21402.499 GC heap after
Heap after GC invocations=12 (full 2):
 PSYoungGen      total 193024K, used 15654K [0x00000006e8580000, 0x00000006f7800000, 0x00000007c0000000)
  eden space 177152K, 0% used [0x00000006e8580000,0x00000006e8580000,0x00000006f3280000)
  from space 15872K, 98% used [0x00000006f6880000,0x00000006f77c9a78,0x00000006f7800000)
  to   space 27136K, 0% used [0x00000006f4300000,0x00000006f4300000,0x00000006f5d80000)
 ParOldGen       total 148480K, used 19333K [0x0000000539000000, 0x0000000542100000, 0x00000006e8580000)
  object space 148480K, 13% used [0x0000000539000000,0x000000053a2e14e0,0x0000000542100000)
 Metaspace       used 53200K, capacity 54363K, committed 54824K, reserved 1095680K
  class space    used 8189K, capacity 8635K, committed 8752K, reserved 1048576K
}
Event: 119083.221 GC heap before
{Heap before GC invocations=13 (full 2):
 PSYoungGen      total 193024K, used 192265K [0x00000006e8580000, 0x00000006f7800000, 0x00000007c0000000)
  eden space 177152K, 99% used [0x00000006e8580000,0x00000006f31f8a70,0x00000006f3280000)
  from space 15872K, 98% used [0x00000006f6880000,0x00000006f77c9a78,0x00000006f7800000)
  to   space 27136K, 0% used [0x00000006f4300000,0x00000006f4300000,0x00000006f5d80000)
 ParOldGen       total 148480K, used 19333K [0x0000000539000000, 0x0000000542100000, 0x00000006e8580000)
  object space 148480K, 13% used [0x0000000539000000,0x000000053a2e14e0,0x0000000542100000)
 Metaspace       used 54171K, capacity 55311K, committed 55592K, reserved 1095680K
  class space    used 8252K, capacity 8671K, committed 8752K, reserved 1048576K
Event: 119083.326 GC heap after
Heap after GC invocations=13 (full 2):
 PSYoungGen      total 199168K, used 27117K [0x00000006e8580000, 0x00000006f9f80000, 0x00000007c0000000)
  eden space 172032K, 0% used [0x00000006e8580000,0x00000006e8580000,0x00000006f2d80000)
  from space 27136K, 99% used [0x00000006f4300000,0x00000006f5d7b610,0x00000006f5d80000)
  to   space 58368K, 0% used [0x00000006f6680000,0x00000006f6680000,0x00000006f9f80000)
 ParOldGen       total 148480K, used 94915K [0x0000000539000000, 0x0000000542100000, 0x00000006e8580000)
  object space 148480K, 63% used [0x0000000539000000,0x000000053ecb0ce8,0x0000000542100000)
 Metaspace       used 54171K, capacity 55311K, committed 55592K, reserved 1095680K
  class space    used 8252K, capacity 8671K, committed 8752K, reserved 1048576K
}

